; this file was generated by below command 
;  ./DTS   -in   Input.dts   -top   top.top   -e   100000   
;------------------------------------------  
Integrator = MC
MC_Moves = 1  1  1
Initial_Step = 1
Final_Step = 100000
MinfaceAngle = -0.5
OutPutEnergy_periodic = 1000
Restart_periodic = 1000
TopologyFile = top.top
Seed = 75545
Kappa = 3  0
Display_periodic = 1000
CNTCELL = 2.5 2.6 2.5 
GeneralOutputFilename = output
Min_Max_LinkLenghtsSquare = 1  3
OutPutTRJ_TSI = 1000  10  TrjTSI  
OutPutTRJ_BTS = 1000  10  VTI  
Frame_Tension = off  Position_Rescale 0  5
Volume_Constraint = off  10000 0.1  100  1
INCLUSION
Define 5 Inclusions 
 SRotation Type   K  KG KP KL C0 C0P C0L 
0  noinc  0    0    0    0    0    0    0  
3  Pro1  10    0    0    0    0    0    0  
3  Pro2  20    0    0    0    0    1    0  
3  Pro3  20    5    0    0    0    0    0  
2  Pro4  20    5    0    0    0    0    0  
