; this file was generated by below command 
;  ../dts_src/DTS   -in   t.dts   -top   top.top   -e   400   
;------------------------------------------  
Integrator = MC
MC_Moves = 1  1  1
MC_MovesRate = 0.34  0.33  0.33
Initial_Step = 0
Final_Step = 400
MinfaceAngle = -0.5
OutPutEnergy_periodic = 100
Restart_periodic = 1000
TopologyFile = top.top
Seed = 36723
Kappa = 1  0
Display_periodic = 1000
CNTCELL = 1 1 1 
GeneralOutputFilename = dts
Min_Max_LinkLenghtsSquare = 1  3
OutPutTRJ_TSI = 0  1  tsi  
OutPutTRJ_BTS = 0  1  dts.bts  
Frame_Tension = off  Position_Rescale 0  5
Volume_Constraint = off  1000 0  0  1
INCLUSION
Define 1 Inclusions 
 SRotation Type   K  KG KP KL C0 C0P C0L 
0  noinc  0    0    0    0    0    0    0  
